[backblue.gif]
[fade.gif]
[index.html]
[recept.mohem.se/Img/smultron_hdr2.jpg]
[recept.mohem.se/WebResourcec33f.gif]
[recept.mohem.se/WebResourcecd35.gif]
[recept.mohem.se/WebResourceda76.gif]
[recept.mohem.se/WebResource0780.gif]
[recept.mohem.se/Img/btz4zm7.png]
[recept.mohem.se/index.html]
[recept.mohem.se/Styles/Site.css]
[recept.mohem.se/Styles/Styles21.css]
[recept.mohem.se/Styles/grd_head.png]
[recept.mohem.se/Styles/grd_alt.png]
[recept.mohem.se/Styles/grd_pgr.png]
[recept.mohem.se/Styles/gvStyle.css]
[recept.mohem.se/Styles/menu_style.css]
[recept.mohem.se/Styles/GridView.html]
[recept.mohem.se/Styles/jquery.autocomplete.css]
[recept.mohem.se/Scripts/jquery-1.4.1.min.js]
[recept.mohem.se/Scripts/jquery.autocomplete.js]
[recept.mohem.se/WebResourceea0f.js]
[recept.mohem.se/WebResource8436.js]
[recept.mohem.se/Account/Login.html]
[recept.mohem.se/Default.html]
[recept.mohem.se/ScriptResourcee4b2.js]
[recept.mohem.se/ScriptResourceb893.js]
[recept.mohem.se/ScriptResource252b.js]
[recept.mohem.se/RecipeOverview.html]
[recept.mohem.se/ShowRecipe610b.html]
[cached-images.bonnier.news/cms30/UploadedImages/2013/12/27/26a3a9bb-09d2-454e-8ba4-a01d6c8881f0/original0b1f.jpg]
[recept.mohem.se/ShowRecipeea47.html]
[media.matgeek.se/2012/06/Rabarberkr.5c3050.delayed]
[recept.mohem.se/ShowRecipe609a.html]
[media.matgeek.se/2011/07/rabarbermarmelad2.gif]
[recept.mohem.se/ShowRecipeff00.html]
[media.matgeek.se/2013/05/Rhubarb.jpg]
[recept.mohem.se/ShowRecipe549f.html]
[recept.mohem.se/ShowRecipe0a17.html]
[recept.mohem.se/ShowRecipe8f14.html]
[recept.mohem.se/ShowRecipe7bf9.html]
[recept.mohem.se/ShowRecipe3048.html]
[recept.mohem.se/ShowRecipe688e.html]
[recept.mohem.se/ShowRecipe6ba0.html]
[recept.mohem.se/ShowRecipeb5d0.html]
[recept.mohem.se/ShowRecipea41f.html]
[recept.mohem.se/ShowRecipe7648.html]
[recept.mohem.se/ShowRecipeb57f.html]
[recept.mohem.se/ShowRecipe0efd.html]
[recept.mohem.se/ShowRecipe0f23.html]
[recept.mohem.se/ShowRecipec549.html]
[recept.mohem.se/ShowReciped358.html]
[recept.mohem.se/ShowRecipe065b.html]
[recept.mohem.se/ShowRecipe682e.html]
[recept.mohem.se/ShowRecipe1fbd.html]
[recept.mohem.se/ShowRecipe8ebb.html]
[recept.mohem.se/ShowRecipe6ee5.html]
[recept.mohem.se/DisplayImagefee3.jpg]
[recept.mohem.se/ShowRecipefee3.html]
[recept.mohem.se/DisplayImage5919.jpg]
[recept.mohem.se/ShowRecipe5919.html]
[recept.mohem.se/ShowRecipec30c.html]
[recept.mohem.se/ShowRecipe75d2.html]
[recept.mohem.se/ShowRecipeefa7.html]
[recept.mohem.se/ShowReciped5f8.html]
[recept.mohem.se/Styles/indicator.html]
[recept.mohem.se/POST.html]
[recept.mohem.se/WebResource83a0.js]
[recept.mohem.se/Account/Register6f8a.html]
[recept.mohem.se/Account/RecoverPassword.html]
[recept.mohem.se/ScriptResourcee4b2.js]
[recept.mohem.se/ScriptResourceb893.js]
[recept.mohem.se/ScriptResource252b.js]
[www.amelia.se/wp-content/uploads/Amelia/artiklar/2011/picknickens-tid-ar-har/picknick.jpg]
[recept.mohem.se/ShowRecipede9c.html]
[cdn01.dn-static.se/dnse/img/dn_black_200x200.jpg]
[recept.mohem.se/ShowRecipe6c97.html]
[recept.mohem.se/ShowRecipe03f3.html]
[recept.mohem.se/ShowRecipeff21.html]
[recept.mohem.se/ShowRecipe11a9.html]
[recept.mohem.se/ShowReciped838.html]
[recept.mohem.se/ShowRecipe2989.html]
[recept.mohem.se/ShowRecipea33f.html]
[recept.mohem.se/ShowRecipe497e.html]
[recept.mohem.se/ShowRecipe3f71.html]
[recept.mohem.se/ShowRecipe0926.html]
[recept.mohem.se/ShowRecipe2d5d.html]
[recept.mohem.se/ShowRecipebae5.html]
[recept.mohem.se/ShowRecipe5a7a.html]
[recept.mohem.se/ShowReciped4fb.html]
[media.matgeek.se/2012/06/Rabarberkr3050.html]
[recept.mohem.se/About.html]
[recept.mohem.se/Firefox/index.html]
[recept.mohem.se/AppleWebKit/index.html]
[recept.mohem.se/Opera/index.html]
[www.ica.se/imagevaultfiles/id_65402/cf_6901/peters-snabb-kimchi-715679.jpg]
[www.ica.se/Templates/General/Views/images/recipe/bgHorzDottedTransp.png]
[www.ica.se/imagevaultfiles/id_105904/cf_6901/fransk-rabarbermarmelad-3107.jpg]
[www.ica.se/imagevaultfiles/id_63300/cf_6901/grillad_entrec-te_med_bbq-rub_och_potatissallad_-c.jpg]
[www.ica.se/vardagshjalpen/lib_img/sok_recept/icon_info_gulrund.gif]
[www.ica.se/imagevaultfiles/id_17888/cf_6901/677730-morotskaka_med_banan-morotskaka_banan_b0809.jpg]
[www.ica.se/imagevaultfiles/id_18036/cf_6901/686107-h-grevsgryta_med_sidfl-sk_och_kantareller-h.jpg]
[www.ica.se/imagevaultfiles/id_18009/cf_6901/685536-svampsoppa_med_-rtcr-me_och_rostbr-d-svamps.jpg]
[www.ica.se/imagevaultfiles/id_27739/cf_6901/paltmuffins-med-lyxiga-tillbehor-702093.jpg]
[www.ica.se/imagevaultfiles/id_18213/cf_6901/707093-ugns_kycklingben_b0310.jpg]
